2021-10-01 13:00:16.278  INFO 19612 --- [restartedMain] in.ashokit.Application                   : Starting Application using Java 1.8.0_291 on LAPTOP-O6PJ80RM with PID 19612 (C:\Users\SAGAR\Documents\workspace-spring-tool-suite-4-4.10.0.RELEASE\3rd_Mini_Project\target\classes started by SAGAR in C:\Users\SAGAR\Documents\workspace-spring-tool-suite-4-4.10.0.RELEASE\3rd_Mini_Project)
2021-10-01 13:00:16.278  INFO 19612 --- [restartedMain] in.ashokit.Application                   : No active profile set, falling back to default profiles: default
2021-10-01 13:00:16.688  INFO 19612 --- [restartedMain] .s.d.r.c.RepositoryConfigurationDelegate : Bootstrapping Spring Data JPA repositories in DEFAULT mode.
2021-10-01 13:00:16.707  INFO 19612 --- [restartedMain] .s.d.r.c.RepositoryConfigurationDelegate : Finished Spring Data repository scanning in 18 ms. Found 1 JPA repository interfaces.
2021-10-01 13:00:16.900  INFO 19612 --- [restartedMain] o.s.b.w.embedded.tomcat.TomcatWebServer  : Tomcat initialized with port(s): 9494 (http)
2021-10-01 13:00:16.901  INFO 19612 --- [restartedMain] o.apache.catalina.core.StandardService   : Starting service [Tomcat]
2021-10-01 13:00:16.901  INFO 19612 --- [restartedMain] org.apache.catalina.core.StandardEngine  : Starting Servlet engine: [Apache Tomcat/9.0.53]
2021-10-01 13:00:16.925  INFO 19612 --- [restartedMain] o.a.c.c.C.[Tomcat].[localhost].[/]       : Initializing Spring embedded WebApplicationContext
2021-10-01 13:00:16.925  INFO 19612 --- [restartedMain] w.s.c.ServletWebServerApplicationContext : Root WebApplicationContext: initialization completed in 642 ms
2021-10-01 13:00:16.976  INFO 19612 --- [restartedMain] o.hibernate.jpa.internal.util.LogHelper  : HHH000204: Processing PersistenceUnitInfo [name: default]
2021-10-01 13:00:16.982  INFO 19612 --- [restartedMain] com.zaxxer.hikari.HikariDataSource       : HikariPool-3 - Starting...
2021-10-01 13:00:17.012  INFO 19612 --- [restartedMain] com.zaxxer.hikari.HikariDataSource       : HikariPool-3 - Start completed.
2021-10-01 13:00:17.013  INFO 19612 --- [restartedMain] org.hibernate.dialect.Dialect            : HHH000400: Using dialect: org.hibernate.dialect.MySQL8Dialect
2021-10-01 13:00:17.046  INFO 19612 --- [restartedMain] o.h.e.t.j.p.i.JtaPlatformInitiator       : HHH000490: Using JtaPlatform implementation: [org.hibernate.engine.transaction.jta.platform.internal.NoJtaPlatform]
2021-10-01 13:00:17.047  INFO 19612 --- [restartedMain] j.LocalContainerEntityManagerFactoryBean : Initialized JPA EntityManagerFactory for persistence unit 'default'
2021-10-01 13:00:17.222  WARN 19612 --- [restartedMain] JpaBaseConfiguration$JpaWebConfiguration : spring.jpa.open-in-view is enabled by default. Therefore, database queries may be performed during view rendering. Explicitly configure spring.jpa.open-in-view to disable this warning
2021-10-01 13:00:17.358  INFO 19612 --- [restartedMain] o.s.b.d.a.OptionalLiveReloadServer       : LiveReload server is running on port 35729
2021-10-01 13:00:17.428  INFO 19612 --- [restartedMain] o.s.b.w.embedded.tomcat.TomcatWebServer  : Tomcat started on port(s): 9494 (http) with context path ''
2021-10-01 13:00:17.428  INFO 19612 --- [restartedMain] d.s.w.p.DocumentationPluginsBootstrapper : Context refreshed
2021-10-01 13:00:17.429  INFO 19612 --- [restartedMain] d.s.w.p.DocumentationPluginsBootstrapper : Found 1 custom documentation plugin(s)
2021-10-01 13:00:17.434  INFO 19612 --- [restartedMain] s.d.s.w.s.ApiListingReferenceScanner     : Scanning for api listing references
2021-10-01 13:00:17.459  INFO 19612 --- [restartedMain] in.ashokit.Application                   : Started Application in 1.254 seconds (JVM running for 321.503)
2021-10-01 13:00:17.461  INFO 19612 --- [restartedMain] .ConditionEvaluationDeltaLoggingListener : Condition evaluation unchanged
2021-10-01 13:01:28.070  INFO 19612 --- [http-nio-9494-exec-1] o.a.c.c.C.[Tomcat].[localhost].[/]       : Initializing Spring DispatcherServlet 'dispatcherServlet'
2021-10-01 13:01:28.071  INFO 19612 --- [http-nio-9494-exec-1] o.s.web.servlet.DispatcherServlet        : Initializing Servlet 'dispatcherServlet'
2021-10-01 13:01:28.073  INFO 19612 --- [http-nio-9494-exec-1] o.s.web.servlet.DispatcherServlet        : Completed initialization in 2 ms
2021-10-01 13:01:32.896  INFO 19612 --- [http-nio-9494-exec-8] in.ashokit.rest.MobileResource           : Category: Category(brand=null, ram=null, price=null)
2021-10-01 13:03:29.184  INFO 19612 --- [Thread-13] j.LocalContainerEntityManagerFactoryBean : Closing JPA EntityManagerFactory for persistence unit 'default'
2021-10-01 13:03:29.185  INFO 19612 --- [Thread-13] com.zaxxer.hikari.HikariDataSource       : HikariPool-3 - Shutdown initiated...
2021-10-01 13:03:29.210  INFO 19612 --- [Thread-13] com.zaxxer.hikari.HikariDataSource       : HikariPool-3 - Shutdown completed.
